#
# There is insufficient memory for the Java Runtime Environment to continue.
# Native memory allocation (mmap) failed to map 130023424 bytes for G1 virtual space
# Possible reasons:
#   The system is out of physical RAM or swap space
#   The process is running with CompressedOops enabled, and the Java Heap may be blocking the growth of the native heap
# Possible solutions:
#   Reduce memory load on the system
#   Increase physical memory or swap space
#   Check if swap backing store is full
#   Decrease Java heap size (-Xmx/-Xms)
#   Decrease number of Java threads
#   Decrease Java thread stack sizes (-Xss)
#   Set larger code cache with -XX:ReservedCodeCacheSize=
#   JVM is running with Unscaled Compressed Oops mode in which the Java heap is
#     placed in the first 4GB address space. The Java Heap base address is the
#     maximum limit for the native heap growth. Please use -XX:HeapBaseMinAddress
#     to set the Java Heap base and to place the Java Heap above 4GB virtual address.
# This output file may be truncated or incomplete.
#
#  Out of Memory Error (os_windows.cpp:3825), pid=6764, tid=2364
#
# JRE version:  (17.0.9) (build )
# Java VM: OpenJDK 64-Bit Server VM (17.0.9+0--11185874, mixed mode, sharing, tiered, compressed oops, compressed class ptrs, g1 gc, windows-amd64)
# No core dump will be written. Minidumps are not enabled by default on client versions of Windows
#

---------------  S U M M A R Y ------------

Command Line: org.jetbrains.kotlin.cli.jvm.K2JVMCompiler @C:\Users\angel\AndroidStudioProjects\HelpDesk2\app\build\20240620_14500299520457421919.compiler.options

Host: 12th Gen Intel(R) Core(TM) i7-1250U, 12 cores, 7G,  Windows 11 , 64 bit Build 22621 (10.0.22621.3672)
Time: Thu Jun 20 00:52:33 2024 Hora estándar, América Central elapsed time: 0.042662 seconds (0d 0h 0m 0s)

---------------  T H R E A D  ---------------

Current thread (0x0000019c1cceb940):  JavaThread "Unknown thread" [_thread_in_vm, id=2364, stack(0x0000009821500000,0x0000009821600000)]

Stack: [0x0000009821500000,0x0000009821600000]
Native frames: (J=compiled Java code, j=interpreted, Vv=VM code, C=native code)
V  [jvm.dll+0x6886e9]
V  [jvm.dll+0x841e4a]
V  [jvm.dll+0x843a8e]
V  [jvm.dll+0x8440f3]
V  [jvm.dll+0x24c14f]
V  [jvm.dll+0x685499]
V  [jvm.dll+0x679c2a]
V  [jvm.dll+0x30cf9b]
V  [jvm.dll+0x314446]
V  [jvm.dll+0x36425e]
V  [jvm.dll+0x36448f]
V  [jvm.dll+0x2e2d68]
V  [jvm.dll+0x2e3cd4]
V  [jvm.dll+0x8129f1]
V  [jvm.dll+0x3720c1]
V  [jvm.dll+0x7f152c]
V  [jvm.dll+0x3f5d4f]
V  [jvm.dll+0x3f7981]
C  [jli.dll+0x528f]
C  [ucrtbase.dll+0x29333]
C  [KERNEL32.DLL+0x1257d]
C  [ntdll.dll+0x5af28]


---------------  P R O C E S S  ---------------

Threads class SMR info:
_java_thread_list=0x00007ffde14bef18, length=0, elements={
}

Java Threads: ( => current thread )

Other Threads:
  0x0000019c1cd45550 GCTaskThread "GC Thread#0" [stack: 0x0000009821600000,0x0000009821700000] [id=3468]
  0x0000019c1cd55b20 ConcurrentGCThread "G1 Main Marker" [stack: 0x0000009821700000,0x0000009821800000] [id=11104]
  0x0000019c1cd56540 ConcurrentGCThread "G1 Conc#0" [stack: 0x0000009821800000,0x0000009821900000] [id=15168]

[error occurred during error reporting (printing all threads), id 0xc0000005, EXCEPTION_ACCESS_VIOLATION (0xc0000005) at pc=0x00007ffde0c73937]

VM state: not at safepoint (not fully initialized)

VM Mutex/Monitor currently owned by a thread:  ([mutex/lock_event])
[0x0000019c1cce6bb0] Heap_lock - owner thread: 0x0000019c1cceb940

Heap address: 0x0000000084c00000, size: 1972 MB, Compressed Oops mode: 32-bit

CDS archive(s) mapped at: [0x0000000000000000-0x0000000000000000-0x0000000000000000), size 0, SharedBaseAddress: 0x0000000800000000, ArchiveRelocationMode: 1.
Narrow klass base: 0x0000000000000000, Narrow klass shift: 0, Narrow klass range: 0x0

GC Precious Log:
<Empty>

Heap:
 garbage-first heap   total 0K, used 0K [0x0000000084c00000, 0x0000000100000000)
  region size 1024K, 0 young (0K), 0 survivors (0K)
 Metaspace       used 0K, committed 0K, reserved 0K
  class space    used 0K, committed 0K, reserved 0K

Heap Regions: E=young(eden), S=young(survivor), O=old, HS=humongous(starts), HC=humongous(continues), CS=collection set, F=free, OA=open archive, CA=closed archive, TAMS=top-at-mark-start (previous, next)

Card table byte_map: [0x0000019c2faf0000,0x0000019c2fed0000] _byte_map_base: 0x0000019c2f6ca000

Marking Bits (Prev, Next): (CMBitMap*) 0x0000019c1cd45b70, (CMBitMap*) 0x0000019c1cd45bb0
 Prev Bits: [0x0000019c302b0000, 0x0000019c32180000)
 Next Bits: [0x0000019c32180000, 0x0000019c34050000)

GC Heap History (0 events):
No events

Dll operation events (1 events):
Event: 0.025 Loaded shared library C:\Users\angel\OneDrive\Escritorio\Apps\h\jbr\bin\java.dll

Deoptimization events (0 events):
No events

Classes unloaded (0 events):
No events

Classes redefined (0 events):
No events

Internal exceptions (0 events):
No events

VM Operations (0 events):
No events

Events (0 events):
No events


Dynamic libraries:
0x00007ff7f43e0000 - 0x00007ff7f43ea000 	C:\Users\angel\OneDrive\Escritorio\Apps\h\jbr\bin\java.exe
0x00007ffe52130000 - 0x00007ffe52347000 	C:\windows\SYSTEM32\ntdll.dll
0x00007ffe51b20000 - 0x00007ffe51be4000 	C:\windows\System32\KERNEL32.DLL
0x00007ffe4fa40000 - 0x00007ffe4fdec000 	C:\windows\System32\KERNELBASE.dll
0x00007ffe4f5f0000 - 0x00007ffe4f701000 	C:\windows\System32\ucrtbase.dll
0x00007ffe2f540000 - 0x00007ffe2f557000 	C:\Users\angel\OneDrive\Escritorio\Apps\h\jbr\bin\jli.dll
0x00007ffe51830000 - 0x00007ffe519de000 	C:\windows\System32\USER32.dll
0x00007ffe4f520000 - 0x00007ffe4f546000 	C:\windows\System32\win32u.dll
0x00007ffe51f60000 - 0x00007ffe51f89000 	C:\windows\System32\GDI32.dll
0x00007ffe4f880000 - 0x00007ffe4f999000 	C:\windows\System32\gdi32full.dll
0x00007ffe4f550000 - 0x00007ffe4f5ea000 	C:\windows\System32\msvcp_win.dll
0x00007ffe33a70000 - 0x00007ffe33a8b000 	C:\Users\angel\OneDrive\Escritorio\Apps\h\jbr\bin\VCRUNTIME140.dll
0x00007ffe301b0000 - 0x00007ffe30443000 	C:\windows\WinSxS\amd64_microsoft.windows.common-controls_6595b64144ccf1df_6.0.22621.3672_none_2713b9d173822955\COMCTL32.dll
0x00007ffe51100000 - 0x00007ffe511a7000 	C:\windows\System32\msvcrt.dll
0x00007ffe4fec0000 - 0x00007ffe4fef1000 	C:\windows\System32\IMM32.DLL
0x00007ffe49ae0000 - 0x00007ffe49aec000 	C:\Users\angel\OneDrive\Escritorio\Apps\h\jbr\bin\vcruntime140_1.dll
0x00007ffe06a90000 - 0x00007ffe06b1d000 	C:\Users\angel\OneDrive\Escritorio\Apps\h\jbr\bin\msvcp140.dll
0x00007ffde0980000 - 0x00007ffde1603000 	C:\Users\angel\OneDrive\Escritorio\Apps\h\jbr\bin\server\jvm.dll
0x00007ffe51c10000 - 0x00007ffe51cc2000 	C:\windows\System32\ADVAPI32.dll
0x00007ffe51a70000 - 0x00007ffe51b1a000 	C:\windows\System32\sechost.dll
0x00007ffe4fa10000 - 0x00007ffe4fa38000 	C:\windows\System32\bcrypt.dll
0x00007ffe511b0000 - 0x00007ffe512c5000 	C:\windows\System32\RPCRT4.dll
0x00007ffe3d4f0000 - 0x00007ffe3d4fa000 	C:\windows\SYSTEM32\VERSION.dll
0x00007ffe23600000 - 0x00007ffe23609000 	C:\windows\SYSTEM32\WSOCK32.dll
0x00007ffe51d30000 - 0x00007ffe51da1000 	C:\windows\System32\WS2_32.dll
0x00007ffe4e640000 - 0x00007ffe4e68d000 	C:\windows\SYSTEM32\POWRPROF.dll
0x00007ffe48b30000 - 0x00007ffe48b64000 	C:\windows\SYSTEM32\WINMM.dll
0x00007ffe4e620000 - 0x00007ffe4e633000 	C:\windows\SYSTEM32\UMPDC.dll
0x00007ffe4e460000 - 0x00007ffe4e478000 	C:\windows\SYSTEM32\kernel.appcore.dll
0x00007ffe49480000 - 0x00007ffe4948a000 	C:\Users\angel\OneDrive\Escritorio\Apps\h\jbr\bin\jimage.dll
0x00007ffe4c2d0000 - 0x00007ffe4c502000 	C:\windows\SYSTEM32\DBGHELP.DLL
0x00007ffe50d70000 - 0x00007ffe510f8000 	C:\windows\System32\combase.dll
0x00007ffe51750000 - 0x00007ffe51827000 	C:\windows\System32\OLEAUT32.dll
0x00007ffe22bc0000 - 0x00007ffe22bf2000 	C:\windows\SYSTEM32\dbgcore.DLL
0x00007ffe4fdf0000 - 0x00007ffe4fe6b000 	C:\windows\System32\bcryptPrimitives.dll
0x00007ffe45ff0000 - 0x00007ffe46015000 	C:\Users\angel\OneDrive\Escritorio\Apps\h\jbr\bin\java.dll

dbghelp: loaded successfully - version: 4.0.5 - missing functions: none
symbol engine: initialized successfully - sym options: 0x614 - pdb path: .;C:\Users\angel\OneDrive\Escritorio\Apps\h\jbr\bin;C:\windows\SYSTEM32;C:\windows\WinSxS\amd64_microsoft.windows.common-controls_6595b64144ccf1df_6.0.22621.3672_none_2713b9d173822955;C:\Users\angel\OneDrive\Escritorio\Apps\h\jbr\bin\server

VM Arguments:
java_command: org.jetbrains.kotlin.cli.jvm.K2JVMCompiler @C:\Users\angel\AndroidStudioProjects\HelpDesk2\app\build\20240620_14500299520457421919.compiler.options
java_class_path (initial): C:\Users\angel\.gradle\caches\modules-2\files-2.1\org.jetbrains.kotlin\kotlin-compiler-embeddable\1.9.0\2c8c3a7402becca891f12739b3e9fd2dc2adbd7a\kotlin-compiler-embeddable-1.9.0.jar;C:\Users\angel\.gradle\caches\modules-2\files-2.1\org.jetbrains.kotlin\kotlin-stdlib\1.9.0\8ee15ef0c67dc83d874f412d84378d7f0eb50b63\kotlin-stdlib-1.9.0.jar;C:\Users\angel\.gradle\caches\modules-2\files-2.1\org.jetbrains.kotlin\kotlin-script-runtime\1.9.0\4b3102cbbb7e1b58d9d1adf89563f00069ffa7d1\kotlin-script-runtime-1.9.0.jar;C:\Users\angel\.gradle\caches\modules-2\files-2.1\org.jetbrains.kotlin\kotlin-reflect\1.6.10\1cbe9c92c12a94eea200d23c2bbaedaf3daf5132\kotlin-reflect-1.6.10.jar;C:\Users\angel\.gradle\caches\modules-2\files-2.1\org.jetbrains.kotlin\kotlin-daemon-embeddable\1.9.0\186543f5e28cf8d9a0290fecc2cf34301c40a65c\kotlin-daemon-embeddable-1.9.0.jar;C:\Users\angel\.gradle\caches\modules-2\files-2.1\org.jetbrains.intellij.deps\trove4j\1.0.20200330\3afb14d5f9ceb459d724e907a21145e8ff394f02\trove4j-1.0.20200330.jar;C:\Users\angel\.gradle\caches\modules-2\files-2.1\org.jetbrains.kotlin\kotlin-stdlib-common\1.9.0\cd65c21cfd1eec4d44ef09f9f52b6d9f8a720636\kotlin-stdlib-common-1.9.0.jar;C:\Users\angel\.gradle\caches\modules-2\files-2.1\org.jetbrains\annotations\13.0\919f0dfe192fb4e063e7dacadee7f8bb9a2672a9\annotations-13.0.jar
Launcher Type: SUN_STANDARD

[Global flags]
     intx CICompilerCount                          = 4                                         {product} {ergonomic}
     uint ConcGCThreads                            = 3                                         {product} {ergonomic}
     uint G1ConcRefinementThreads                  = 10                                        {product} {ergonomic}
   size_t G1HeapRegionSize                         = 1048576                                   {product} {ergonomic}
    uintx GCDrainStackTargetSize                   = 64                                        {product} {ergonomic}
   size_t InitialHeapSize                          = 130023424                                 {product} {ergonomic}
   size_t MarkStackSize                            = 4194304                                   {product} {ergonomic}
   size_t MaxHeapSize                              = 2067791872                                {product} {ergonomic}
   size_t MinHeapDeltaBytes                        = 1048576                                   {product} {ergonomic}
   size_t MinHeapSize                              = 8388608                                   {product} {ergonomic}
    uintx NonNMethodCodeHeapSize                   = 5839372                                {pd product} {ergonomic}
    uintx NonProfiledCodeHeapSize                  = 122909434                              {pd product} {ergonomic}
    uintx ProfiledCodeHeapSize                     = 122909434                              {pd product} {ergonomic}
    uintx ReservedCodeCacheSize                    = 251658240                              {pd product} {ergonomic}
     bool SegmentedCodeCache                       = true                                      {product} {ergonomic}
   size_t SoftMaxHeapSize                          = 2067791872                             {manageable} {ergonomic}
     bool UseCompressedClassPointers               = true                           {product lp64_product} {ergonomic}
     bool UseCompressedOops                        = true                           {product lp64_product} {ergonomic}
     bool UseG1GC                                  = true                                      {product} {ergonomic}
     bool UseLargePagesIndividualAllocation        = false                                  {pd product} {ergonomic}

Logging:
Log output configuration:
 #0: stdout all=warning uptime,level,tags
 #1: stderr all=off uptime,level,tags

Environment Variables:
PATH=C:\oracle\dbhomeXE\bin;C:\app\angel\product\21c\dbhomeXE\bin;C:\windows\system32;C:\windows;C:\windows\System32\Wbem;C:\windows\System32\WindowsPowerShell\v1.0\;C:\windows\System32\OpenSSH\;C:\Program Files\dotnet\;C:\Program Files (x86)\Microsoft SQL Server\160\Tools\Binn\;C:\Program Files\Microsoft SQL Server\160\Tools\Binn\;C:\Program Files\Microsoft SQL Server\Client SDK\ODBC\170\Tools\Binn\;C:\Program Files\Microsoft SQL Server\160\DTS\Binn\;C:\Program Files (x86)\Microsoft SQL Server\160\DTS\Binn\;C:\Program Files\Azure Data Studio\bin;C:\Program Files\HP\HP One Agent;C:\Program Files\Git\cmd;C:\Users\angel\AppData\Local\Microsoft\WindowsApps;;C:\Users\angel\AppData\Local\Programs\Microsoft VS Code\bin;C:\Users\angel\.dotnet\tools;C:\Program Files\Azure Data Studio\bin
USERNAME=angel
OS=Windows_NT
PROCESSOR_IDENTIFIER=Intel64 Family 6 Model 154 Stepping 4, GenuineIntel
TMP=C:\Users\angel\AppData\Local\Temp
TEMP=C:\Users\angel\AppData\Local\Temp



Periodic native trim disabled

JNI global refs:
JNI global refs: 0, weak refs: 0

JNI global refs memory usage: 0, weak refs: 0

OOME stack traces (most recent first):
Classloader memory used:


---------------  S Y S T E M  ---------------

OS:
 Windows 11 , 64 bit Build 22621 (10.0.22621.3672)
OS uptime: 4 days 2:36 hours
Hyper-V role detected

CPU: total 12 (initial active 12) (6 cores per cpu, 2 threads per core) family 6 model 154 stepping 4 microcode 0x432, cx8, cmov, fxsr, ht, mmx, 3dnowpref, sse, sse2, sse3, ssse3, sse4.1, sse4.2, popcnt, lzcnt, tsc, tscinvbit, avx, avx2, aes, erms, clmul, bmi1, bmi2, adx, sha, fma, vzeroupper, clflush, clflushopt, clwb, hv
Processor Information for processor 0
  Max Mhz: 1100, Current Mhz: 1100, Mhz Limit: 1100
Processor Information for processor 1
  Max Mhz: 1100, Current Mhz: 1100, Mhz Limit: 1100
Processor Information for processor 2
  Max Mhz: 1100, Current Mhz: 1100, Mhz Limit: 1100
Processor Information for processor 3
  Max Mhz: 1100, Current Mhz: 1100, Mhz Limit: 1100
Processor Information for processor 4
  Max Mhz: 1100, Current Mhz: 800, Mhz Limit: 792
Processor Information for processor 5
  Max Mhz: 1100, Current Mhz: 800, Mhz Limit: 792
Processor Information for processor 6
  Max Mhz: 1100, Current Mhz: 800, Mhz Limit: 792
Processor Information for processor 7
  Max Mhz: 1100, Current Mhz: 800, Mhz Limit: 792
Processor Information for processor 8
  Max Mhz: 1100, Current Mhz: 800, Mhz Limit: 792
Processor Information for processor 9
  Max Mhz: 1100, Current Mhz: 800, Mhz Limit: 792
Processor Information for processor 10
  Max Mhz: 1100, Current Mhz: 800, Mhz Limit: 792
Processor Information for processor 11
  Max Mhz: 1100, Current Mhz: 800, Mhz Limit: 792

Memory: 4k page, system-wide physical 7885M (113M free)
TotalPageFile size 17885M (AvailPageFile size 106M)
current process WorkingSet (physical memory assigned to process): 11M, peak: 11M
current process commit charge ("private bytes"): 64M, peak: 188M

vm_info: OpenJDK 64-Bit Server VM (17.0.9+0--11185874) for windows-amd64 JRE (17.0.9+0--11185874), built on Dec  6 2023 18:57:44 by "androidbuild" with MS VC++ 16.10 / 16.11 (VS2019)

END.
