#
# There is insufficient memory for the Java Runtime Environment to continue.
# Native memory allocation (malloc) failed to allocate 599120 bytes for Chunk::new
# Possible reasons:
#   The system is out of physical RAM or swap space
#   The process is running with CompressedOops enabled, and the Java Heap may be blocking the growth of the native heap
# Possible solutions:
#   Reduce memory load on the system
#   Increase physical memory or swap space
#   Check if swap backing store is full
#   Decrease Java heap size (-Xmx/-Xms)
#   Decrease number of Java threads
#   Decrease Java thread stack sizes (-Xss)
#   Set larger code cache with -XX:ReservedCodeCacheSize=
#   JVM is running with Unscaled Compressed Oops mode in which the Java heap is
#     placed in the first 4GB address space. The Java Heap base address is the
#     maximum limit for the native heap growth. Please use -XX:HeapBaseMinAddress
#     to set the Java Heap base and to place the Java Heap above 4GB virtual address.
# This output file may be truncated or incomplete.
#
#  Out of Memory Error (arena.cpp:191), pid=16872, tid=17564
#
# JRE version: OpenJDK Runtime Environment (17.0.9) (build 17.0.9+0--11185874)
# Java VM: OpenJDK 64-Bit Server VM (17.0.9+0--11185874, mixed mode, tiered, compressed oops, compressed class ptrs, g1 gc, windows-amd64)
# No core dump will be written. Minidumps are not enabled by default on client versions of Windows
#

---------------  S U M M A R Y ------------

Command Line: org.jetbrains.kotlin.cli.jvm.K2JVMCompiler @C:\Users\angel\AndroidStudioProjects\HelpDesk2\app\build\20240619_18165048251242360786.compiler.options

Host: 12th Gen Intel(R) Core(TM) i7-1250U, 12 cores, 7G,  Windows 11 , 64 bit Build 22621 (10.0.22621.3672)
Time: Wed Jun 19 15:01:27 2024 Hora estándar, América Central elapsed time: 6.492066 seconds (0d 0h 0m 6s)

---------------  T H R E A D  ---------------

Current thread (0x000002a1bb04cc00):  JavaThread "C2 CompilerThread0" daemon [_thread_in_native, id=17564, stack(0x000000c97e500000,0x000000c97e600000)]


Current CompileTask:
C2:   6492 7501       4       java.lang.ClassLoader::defineClass (43 bytes)

Stack: [0x000000c97e500000,0x000000c97e600000]
Native frames: (J=compiled Java code, j=interpreted, Vv=VM code, C=native code)
V  [jvm.dll+0x6886e9]
V  [jvm.dll+0x841e4a]
V  [jvm.dll+0x843a8e]
V  [jvm.dll+0x8440f3]
V  [jvm.dll+0x24c14f]
V  [jvm.dll+0xac44c]
V  [jvm.dll+0xaca9c]
V  [jvm.dll+0x36c1f7]
V  [jvm.dll+0x1be6a2]
V  [jvm.dll+0x21df09]
V  [jvm.dll+0x21d1d1]
V  [jvm.dll+0x1a674d]
V  [jvm.dll+0x22d088]
V  [jvm.dll+0x22b1c0]
V  [jvm.dll+0x7f62f7]
V  [jvm.dll+0x7f06aa]
V  [jvm.dll+0x687565]
C  [ucrtbase.dll+0x29333]
C  [KERNEL32.DLL+0x1257d]
C  [ntdll.dll+0x5af28]


---------------  P R O C E S S  ---------------

Threads class SMR info:
_java_thread_list=0x000002a1bb1bed00, length=12, elements={
0x000002a19cb4bd40, 0x000002a1b6b49060, 0x000002a1b6b4acf0, 0x000002a1bb048a20,
0x000002a1bb04a3f0, 0x000002a1bb04adb0, 0x000002a1bb04bf10, 0x000002a1bb04cc00,
0x000002a1bb04d600, 0x000002a1bb0507b0, 0x000002a1bb1c1bb0, 0x000002a1bb1ca740
}

Java Threads: ( => current thread )
  0x000002a19cb4bd40 JavaThread "main" [_thread_blocked, id=13652, stack(0x000000c97d800000,0x000000c97d900000)]
  0x000002a1b6b49060 JavaThread "Reference Handler" daemon [_thread_blocked, id=22956, stack(0x000000c97df00000,0x000000c97e000000)]
  0x000002a1b6b4acf0 JavaThread "Finalizer" daemon [_thread_blocked, id=28248, stack(0x000000c97e000000,0x000000c97e100000)]
  0x000002a1bb048a20 JavaThread "Signal Dispatcher" daemon [_thread_blocked, id=15532, stack(0x000000c97e100000,0x000000c97e200000)]
  0x000002a1bb04a3f0 JavaThread "Attach Listener" daemon [_thread_blocked, id=18028, stack(0x000000c97e200000,0x000000c97e300000)]
  0x000002a1bb04adb0 JavaThread "Service Thread" daemon [_thread_blocked, id=25424, stack(0x000000c97e300000,0x000000c97e400000)]
  0x000002a1bb04bf10 JavaThread "Monitor Deflation Thread" daemon [_thread_blocked, id=26856, stack(0x000000c97e400000,0x000000c97e500000)]
=>0x000002a1bb04cc00 JavaThread "C2 CompilerThread0" daemon [_thread_in_native, id=17564, stack(0x000000c97e500000,0x000000c97e600000)]
  0x000002a1bb04d600 JavaThread "C1 CompilerThread0" daemon [_thread_blocked, id=19840, stack(0x000000c97e600000,0x000000c97e700000)]
  0x000002a1bb0507b0 JavaThread "Sweeper thread" daemon [_thread_blocked, id=27008, stack(0x000000c97e700000,0x000000c97e800000)]
  0x000002a1bb1c1bb0 JavaThread "Notification Thread" daemon [_thread_blocked, id=2608, stack(0x000000c97e800000,0x000000c97e900000)]
  0x000002a1bb1ca740 JavaThread "Common-Cleaner" daemon [_thread_blocked, id=26088, stack(0x000000c97ea00000,0x000000c97eb00000)]

Other Threads:
  0x000002a1b6b45490 VMThread "VM Thread" [stack: 0x000000c97de00000,0x000000c97df00000] [id=7584]
  0x000002a1bb1c2090 WatcherThread [stack: 0x000000c97e900000,0x000000c97ea00000] [id=23236]
  0x000002a19cba6f10 GCTaskThread "GC Thread#0" [stack: 0x000000c97d900000,0x000000c97da00000] [id=27728]
  0x000002a1bb77d9f0 GCTaskThread "GC Thread#1" [stack: 0x000000c97eb00000,0x000000c97ec00000] [id=21552]
  0x000002a1bb7c3330 GCTaskThread "GC Thread#2" [stack: 0x000000c97ec00000,0x000000c97ed00000] [id=25568]
  0x000002a1bb7c35f0 GCTaskThread "GC Thread#3" [stack: 0x000000c97ed00000,0x000000c97ee00000] [id=26156]
  0x000002a1bb7c5ad0 GCTaskThread "GC Thread#4" [stack: 0x000000c97ee00000,0x000000c97ef00000] [id=21692]
  0x000002a1bb7d3d40 GCTaskThread "GC Thread#5" [stack: 0x000000c97ef00000,0x000000c97f000000] [id=14640]
  0x000002a1bb7d4580 GCTaskThread "GC Thread#6" [stack: 0x000000c97f000000,0x000000c97f100000] [id=21064]
  0x000002a1bb7d4840 GCTaskThread "GC Thread#7" [stack: 0x000000c97f100000,0x000000c97f200000] [id=4972]
  0x000002a1bb7d4dc0 GCTaskThread "GC Thread#8" [stack: 0x000000c97f200000,0x000000c97f300000] [id=26640]
  0x000002a1bb7d3a80 GCTaskThread "GC Thread#9" [stack: 0x000000c97f500000,0x000000c97f600000] [id=22892]
  0x000002a19cbb74e0 ConcurrentGCThread "G1 Main Marker" [stack: 0x000000c97da00000,0x000000c97db00000] [id=16288]
  0x000002a19cbb7f00 ConcurrentGCThread "G1 Conc#0" [stack: 0x000000c97db00000,0x000000c97dc00000] [id=26664]
  0x000002a1bb7d4000 ConcurrentGCThread "G1 Conc#1" [stack: 0x000000c97f300000,0x000000c97f400000] [id=5244]
  0x000002a1bb7d4b00 ConcurrentGCThread "G1 Conc#2" [stack: 0x000000c97f400000,0x000000c97f500000] [id=2112]
  0x000002a19cbfd300 ConcurrentGCThread "G1 Refine#0" [stack: 0x000000c97dc00000,0x000000c97dd00000] [id=24964]
  0x000002a1bcaaccd0 ConcurrentGCThread "G1 Refine#1" [stack: 0x000000c97f600000,0x000000c97f700000] [id=16260]
  0x000002a1bcaad890 ConcurrentGCThread "G1 Refine#2" [stack: 0x000000c97f700000,0x000000c97f800000] [id=23752]
  0x000002a1b698a500 ConcurrentGCThread "G1 Service" [stack: 0x000000c97dd00000,0x000000c97de00000] [id=20108]

Threads with active compile tasks:
C2 CompilerThread0     6510 7501       4       java.lang.ClassLoader::defineClass (43 bytes)

VM state: at safepoint (normal execution)

VM Mutex/Monitor currently owned by a thread:  ([mutex/lock_event])
[0x000002a19cb39340] Threads_lock - owner thread: 0x000002a1b6b45490
[0x000002a19cb47fb0] Heap_lock - owner thread: 0x000002a19cb4bd40

Heap address: 0x0000000084c00000, size: 1972 MB, Compressed Oops mode: 32-bit

CDS archive(s) not mapped
Compressed class space mapped at: 0x0000000100000000-0x0000000140000000, reserved size: 1073741824
Narrow klass base: 0x0000000000000000, Narrow klass shift: 3, Narrow klass range: 0x140000000

GC Precious Log:
 CPUs: 12 total, 12 available
 Memory: 7885M
 Large Page Support: Disabled
 NUMA Support: Disabled
 Compressed Oops: Enabled (32-bit)
 Heap Region Size: 1M
 Heap Min Capacity: 8M
 Heap Initial Capacity: 124M
 Heap Max Capacity: 1972M
 Pre-touch: Disabled
 Parallel Workers: 10
 Concurrent Workers: 3
 Concurrent Refinement Workers: 10
 Periodic GC: Disabled

Heap:
 garbage-first heap   total 117760K, used 90393K [0x0000000084c00000, 0x0000000100000000)
  region size 1024K, 41 young (41984K), 1 survivors (1024K)
 Metaspace       used 71778K, committed 72064K, reserved 1114112K
  class space    used 8269K, committed 8384K, reserved 1048576K

Heap Regions: E=young(eden), S=young(survivor), O=old, HS=humongous(starts), HC=humongous(continues), CS=collection set, F=free, OA=open archive, CA=closed archive, TAMS=top-at-mark-start (previous, next)
|   0|0x0000000084c00000, 0x0000000084d00000, 0x0000000084d00000|100%|HS|  |TAMS 0x0000000084d00000, 0x0000000084c00000| Complete 
|   1|0x0000000084d00000, 0x0000000084e00000, 0x0000000084e00000|100%|HC|  |TAMS 0x0000000084e00000, 0x0000000084d00000| Complete 
|   2|0x0000000084e00000, 0x0000000084f00000, 0x0000000084f00000|100%|HC|  |TAMS 0x0000000084f00000, 0x0000000084e00000| Complete 
|   3|0x0000000084f00000, 0x0000000085000000, 0x0000000085000000|100%|HC|  |TAMS 0x0000000085000000, 0x0000000084f00000| Complete 
|   4|0x0000000085000000, 0x0000000085100000, 0x0000000085100000|100%| O|  |TAMS 0x0000000085100000, 0x0000000085000000| Untracked 
|   5|0x0000000085100000, 0x0000000085200000, 0x0000000085200000|100%| O|  |TAMS 0x0000000085200000, 0x0000000085100000| Untracked 
|   6|0x0000000085200000, 0x0000000085300000, 0x0000000085300000|100%| O|  |TAMS 0x0000000085300000, 0x0000000085200000| Untracked 
|   7|0x0000000085300000, 0x0000000085400000, 0x0000000085400000|100%| O|  |TAMS 0x0000000085400000, 0x0000000085300000| Untracked 
|   8|0x0000000085400000, 0x0000000085500000, 0x0000000085500000|100%| O|  |TAMS 0x0000000085500000, 0x0000000085400000| Untracked 
|   9|0x0000000085500000, 0x0000000085600000, 0x0000000085600000|100%| O|  |TAMS 0x0000000085600000, 0x0000000085500000| Untracked 
|  10|0x0000000085600000, 0x0000000085700000, 0x0000000085700000|100%| O|  |TAMS 0x0000000085700000, 0x0000000085600000| Untracked 
|  11|0x0000000085700000, 0x0000000085800000, 0x0000000085800000|100%| O|  |TAMS 0x0000000085800000, 0x0000000085700000| Untracked 
|  12|0x0000000085800000, 0x0000000085900000, 0x0000000085900000|100%|HS|  |TAMS 0x0000000085900000, 0x0000000085800000| Complete 
|  13|0x0000000085900000, 0x0000000085a00000, 0x0000000085a00000|100%|HC|  |TAMS 0x0000000085a00000, 0x0000000085900000| Complete 
|  14|0x0000000085a00000, 0x0000000085b00000, 0x0000000085b00000|100%| O|  |TAMS 0x0000000085b00000, 0x0000000085a00000| Untracked 
|  15|0x0000000085b00000, 0x0000000085c00000, 0x0000000085c00000|100%| O|  |TAMS 0x0000000085c00000, 0x0000000085b00000| Untracked 
|  16|0x0000000085c00000, 0x0000000085cfc800, 0x0000000085d00000| 98%| O|  |TAMS 0x0000000085cfc800, 0x0000000085c00000| Untracked 
|  17|0x0000000085d00000, 0x0000000085e00000, 0x0000000085e00000|100%| O|  |TAMS 0x0000000085e00000, 0x0000000085d00000| Untracked 
|  18|0x0000000085e00000, 0x0000000085f00000, 0x0000000085f00000|100%| O|  |TAMS 0x0000000085f00000, 0x0000000085e00000| Untracked 
|  19|0x0000000085f00000, 0x0000000086000000, 0x0000000086000000|100%| O|  |TAMS 0x0000000086000000, 0x0000000085f00000| Untracked 
|  20|0x0000000086000000, 0x0000000086100000, 0x0000000086100000|100%| O|  |TAMS 0x0000000086100000, 0x0000000086000000| Untracked 
|  21|0x0000000086100000, 0x0000000086200000, 0x0000000086200000|100%| O|  |TAMS 0x0000000086200000, 0x0000000086100000| Untracked 
|  22|0x0000000086200000, 0x0000000086300000, 0x0000000086300000|100%| O|  |TAMS 0x0000000086300000, 0x0000000086200000| Untracked 
|  23|0x0000000086300000, 0x0000000086400000, 0x0000000086400000|100%| O|  |TAMS 0x0000000086400000, 0x0000000086300000| Untracked 
|  24|0x0000000086400000, 0x0000000086500000, 0x0000000086500000|100%| O|  |TAMS 0x0000000086500000, 0x0000000086400000| Untracked 
|  25|0x0000000086500000, 0x0000000086600000, 0x0000000086600000|100%| O|  |TAMS 0x0000000086600000, 0x0000000086500000| Untracked 
|  26|0x0000000086600000, 0x0000000086700000, 0x0000000086700000|100%| O|  |TAMS 0x0000000086700000, 0x0000000086600000| Untracked 
|  27|0x0000000086700000, 0x0000000086800000, 0x0000000086800000|100%| O|  |TAMS 0x0000000086800000, 0x0000000086700000| Untracked 
|  28|0x0000000086800000, 0x0000000086900000, 0x0000000086900000|100%| O|  |TAMS 0x0000000086900000, 0x0000000086800000| Untracked 
|  29|0x0000000086900000, 0x0000000086a00000, 0x0000000086a00000|100%| O|  |TAMS 0x0000000086a00000, 0x0000000086900000| Untracked 
|  30|0x0000000086a00000, 0x0000000086b00000, 0x0000000086b00000|100%| O|  |TAMS 0x0000000086b00000, 0x0000000086a00000| Untracked 
|  31|0x0000000086b00000, 0x0000000086c00000, 0x0000000086c00000|100%| O|  |TAMS 0x0000000086c00000, 0x0000000086b00000| Untracked 
|  32|0x0000000086c00000, 0x0000000086d00000, 0x0000000086d00000|100%| O|  |TAMS 0x0000000086d00000, 0x0000000086c00000| Untracked 
|  33|0x0000000086d00000, 0x0000000086e00000, 0x0000000086e00000|100%| O|  |TAMS 0x0000000086e00000, 0x0000000086d00000| Untracked 
|  34|0x0000000086e00000, 0x0000000086f00000, 0x0000000086f00000|100%| O|  |TAMS 0x0000000086f00000, 0x0000000086e00000| Untracked 
|  35|0x0000000086f00000, 0x0000000087000000, 0x0000000087000000|100%| O|  |TAMS 0x0000000087000000, 0x0000000086f00000| Untracked 
|  36|0x0000000087000000, 0x0000000087100000, 0x0000000087100000|100%| O|  |TAMS 0x0000000087100000, 0x0000000087000000| Untracked 
|  37|0x0000000087100000, 0x0000000087200000, 0x0000000087200000|100%| O|  |TAMS 0x00000000871e3600, 0x0000000087100000| Untracked 
|  38|0x0000000087200000, 0x0000000087300000, 0x0000000087300000|100%| O|  |TAMS 0x0000000087200000, 0x0000000087200000| Untracked 
|  39|0x0000000087300000, 0x0000000087400000, 0x0000000087400000|100%| O|  |TAMS 0x0000000087300000, 0x0000000087300000| Untracked 
|  40|0x0000000087400000, 0x0000000087500000, 0x0000000087500000|100%| O|  |TAMS 0x0000000087400000, 0x0000000087400000| Untracked 
|  41|0x0000000087500000, 0x0000000087600000, 0x0000000087600000|100%| O|  |TAMS 0x0000000087500000, 0x0000000087500000| Untracked 
|  42|0x0000000087600000, 0x0000000087700000, 0x0000000087700000|100%| O|  |TAMS 0x0000000087600000, 0x0000000087600000| Untracked 
|  43|0x0000000087700000, 0x0000000087800000, 0x0000000087800000|100%| O|  |TAMS 0x0000000087700000, 0x0000000087700000| Untracked 
|  44|0x0000000087800000, 0x0000000087900000, 0x0000000087900000|100%| O|  |TAMS 0x0000000087800000, 0x0000000087800000| Untracked 
|  45|0x0000000087900000, 0x0000000087a00000, 0x0000000087a00000|100%| O|  |TAMS 0x0000000087900000, 0x0000000087900000| Untracked 
|  46|0x0000000087a00000, 0x0000000087a27a70, 0x0000000087b00000| 15%| O|  |TAMS 0x0000000087a00000, 0x0000000087a00000| Untracked 
|  47|0x0000000087b00000, 0x0000000087b00000, 0x0000000087c00000|  0%| F|  |TAMS 0x0000000087b00000, 0x0000000087b00000| Untracked 
|  48|0x0000000087c00000, 0x0000000087c00000, 0x0000000087d00000|  0%| F|  |TAMS 0x0000000087c00000, 0x0000000087c00000| Untracked 
|  49|0x0000000087d00000, 0x0000000087d00000, 0x0000000087e00000|  0%| F|  |TAMS 0x0000000087d00000, 0x0000000087d00000| Untracked 
|  50|0x0000000087e00000, 0x0000000087e00000, 0x0000000087f00000|  0%| F|  |TAMS 0x0000000087e00000, 0x0000000087e00000| Untracked 
|  51|0x0000000087f00000, 0x0000000087f00000, 0x0000000088000000|  0%| F|  |TAMS 0x0000000087f00000, 0x0000000087f00000| Untracked 
|  52|0x0000000088000000, 0x0000000088000000, 0x0000000088100000|  0%| F|  |TAMS 0x0000000088000000, 0x0000000088000000| Untracked 
|  53|0x0000000088100000, 0x0000000088100000, 0x0000000088200000|  0%| F|  |TAMS 0x0000000088100000, 0x0000000088100000| Untracked 
|  54|0x0000000088200000, 0x0000000088200000, 0x0000000088300000|  0%| F|  |TAMS 0x0000000088200000, 0x0000000088200000| Untracked 
|  55|0x0000000088300000, 0x0000000088300000, 0x0000000088400000|  0%| F|  |TAMS 0x0000000088300000, 0x0000000088300000| Untracked 
|  56|0x0000000088400000, 0x0000000088400000, 0x0000000088500000|  0%| F|  |TAMS 0x0000000088400000, 0x0000000088400000| Untracked 
|  57|0x0000000088500000, 0x0000000088500000, 0x0000000088600000|  0%| F|  |TAMS 0x0000000088500000, 0x0000000088500000| Untracked 
|  58|0x0000000088600000, 0x0000000088600000, 0x0000000088700000|  0%| F|  |TAMS 0x0000000088600000, 0x0000000088600000| Untracked 
|  59|0x0000000088700000, 0x0000000088700000, 0x0000000088800000|  0%| F|  |TAMS 0x0000000088700000, 0x0000000088700000| Untracked 
|  60|0x0000000088800000, 0x0000000088800000, 0x0000000088900000|  0%| F|  |TAMS 0x0000000088800000, 0x0000000088800000| Untracked 
|  61|0x0000000088900000, 0x0000000088900000, 0x0000000088a00000|  0%| F|  |TAMS 0x0000000088900000, 0x0000000088900000| Untracked 
|  62|0x0000000088a00000, 0x0000000088a00000, 0x0000000088b00000|  0%| F|  |TAMS 0x0000000088a00000, 0x0000000088a00000| Untracked 
|  63|0x0000000088b00000, 0x0000000088b00000, 0x0000000088c00000|  0%| F|  |TAMS 0x0000000088b00000, 0x0000000088b00000| Untracked 
|  64|0x0000000088c00000, 0x0000000088c00000, 0x0000000088d00000|  0%| F|  |TAMS 0x0000000088c00000, 0x0000000088c00000| Untracked 
|  65|0x0000000088d00000, 0x0000000088d00000, 0x0000000088e00000|  0%| F|  |TAMS 0x0000000088d00000, 0x0000000088d00000| Untracked 
|  66|0x0000000088e00000, 0x0000000088f00000, 0x0000000088f00000|100%| E|CS|TAMS 0x0000000088e00000, 0x0000000088e00000| Complete 
|  67|0x0000000088f00000, 0x0000000089000000, 0x0000000089000000|100%| E|CS|TAMS 0x0000000088f00000, 0x0000000088f00000| Complete 
|  68|0x0000000089000000, 0x0000000089100000, 0x0000000089100000|100%| E|CS|TAMS 0x0000000089000000, 0x0000000089000000| Complete 
|  69|0x0000000089100000, 0x0000000089200000, 0x0000000089200000|100%| E|CS|TAMS 0x0000000089100000, 0x0000000089100000| Complete 
|  70|0x0000000089200000, 0x0000000089300000, 0x0000000089300000|100%| E|CS|TAMS 0x0000000089200000, 0x0000000089200000| Complete 
|  71|0x0000000089300000, 0x0000000089400000, 0x0000000089400000|100%| E|CS|TAMS 0x0000000089300000, 0x0000000089300000| Complete 
|  72|0x0000000089400000, 0x0000000089400000, 0x0000000089500000|  0%| F|  |TAMS 0x0000000089400000, 0x0000000089400000| Untracked 
|  73|0x0000000089500000, 0x0000000089500000, 0x0000000089600000|  0%| F|  |TAMS 0x0000000089500000, 0x0000000089500000| Untracked 
|  74|0x0000000089600000, 0x0000000089700000, 0x0000000089700000|100%| S|  |TAMS 0x0000000089600000, 0x0000000089600000| Complete 
|  75|0x0000000089700000, 0x0000000089800000, 0x0000000089800000|100%| E|CS|TAMS 0x0000000089700000, 0x0000000089700000| Complete 
|  76|0x0000000089800000, 0x0000000089900000, 0x0000000089900000|100%| E|CS|TAMS 0x0000000089800000, 0x0000000089800000| Complete 
|  77|0x0000000089900000, 0x0000000089a00000, 0x0000000089a00000|100%| E|CS|TAMS 0x0000000089900000, 0x0000000089900000| Complete 
|  78|0x0000000089a00000, 0x0000000089b00000, 0x0000000089b00000|100%| E|CS|TAMS 0x0000000089a00000, 0x0000000089a00000| Complete 
|  79|0x0000000089b00000, 0x0000000089c00000, 0x0000000089c00000|100%| E|CS|TAMS 0x0000000089b00000, 0x0000000089b00000| Complete 
|  80|0x0000000089c00000, 0x0000000089d00000, 0x0000000089d00000|100%| E|CS|TAMS 0x0000000089c00000, 0x0000000089c00000| Complete 
|  81|0x0000000089d00000, 0x0000000089e00000, 0x0000000089e00000|100%| E|CS|TAMS 0x0000000089d00000, 0x0000000089d00000| Complete 
|  82|0x0000000089e00000, 0x0000000089f00000, 0x0000000089f00000|100%| E|CS|TAMS 0x0000000089e00000, 0x0000000089e00000| Complete 
|  83|0x0000000089f00000, 0x000000008a000000, 0x000000008a000000|100%| E|CS|TAMS 0x0000000089f00000, 0x0000000089f00000| Complete 
|  84|0x000000008a000000, 0x000000008a100000, 0x000000008a100000|100%| E|CS|TAMS 0x000000008a000000, 0x000000008a000000| Complete 
|  85|0x000000008a100000, 0x000000008a200000, 0x000000008a200000|100%| E|CS|TAMS 0x000000008a100000, 0x000000008a100000| Complete 
|  86|0x000000008a200000, 0x000000008a300000, 0x000000008a300000|100%| E|CS|TAMS 0x000000008a200000, 0x000000008a200000| Complete 
|  87|0x000000008a300000, 0x000000008a400000, 0x000000008a400000|100%| E|CS|TAMS 0x000000008a300000, 0x000000008a300000| Complete 
|  88|0x000000008a400000, 0x000000008a500000, 0x000000008a500000|100%| E|CS|TAMS 0x000000008a400000, 0x000000008a400000| Complete 
|  89|0x000000008a500000, 0x000000008a600000, 0x000000008a600000|100%| E|CS|TAMS 0x000000008a500000, 0x000000008a500000| Complete 
|  90|0x000000008a600000, 0x000000008a700000, 0x000000008a700000|100%| E|CS|TAMS 0x000000008a600000, 0x000000008a600000| Complete 
|  91|0x000000008a700000, 0x000000008a800000, 0x000000008a800000|100%| E|CS|TAMS 0x000000008a700000, 0x000000008a700000| Complete 
|  92|0x000000008a800000, 0x000000008a900000, 0x000000008a900000|100%| E|CS|TAMS 0x000000008a800000, 0x000000008a800000| Complete 
|  93|0x000000008a900000, 0x000000008aa00000, 0x000000008aa00000|100%| E|CS|TAMS 0x000000008a900000, 0x000000008a900000| Complete 
|  94|0x000000008aa00000, 0x000000008ab00000, 0x000000008ab00000|100%| E|CS|TAMS 0x000000008aa00000, 0x000000008aa00000| Complete 
|  95|0x000000008ab00000, 0x000000008ac00000, 0x000000008ac00000|100%| E|CS|TAMS 0x000000008ab00000, 0x000000008ab00000| Complete 
|  96|0x000000008ac00000, 0x000000008ad00000, 0x000000008ad00000|100%| E|CS|TAMS 0x000000008ac00000, 0x000000008ac00000| Complete 
|  97|0x000000008ad00000, 0x000000008ae00000, 0x000000008ae00000|100%| E|CS|TAMS 0x000000008ad00000, 0x000000008ad00000| Complete 
|  98|0x000000008ae00000, 0x000000008af00000, 0x000000008af00000|100%| E|CS|TAMS 0x000000008ae00000, 0x000000008ae00000| Complete 
|  99|0x000000008af00000, 0x000000008b000000, 0x000000008b000000|100%| E|CS|TAMS 0x000000008af00000, 0x000000008af00000| Complete 
| 100|0x000000008b000000, 0x000000008b100000, 0x000000008b100000|100%| E|CS|TAMS 0x000000008b000000, 0x000000008b000000| Complete 
| 101|0x000000008b100000, 0x000000008b200000, 0x000000008b200000|100%| E|CS|TAMS 0x000000008b100000, 0x000000008b100000| Complete 
| 102|0x000000008b200000, 0x000000008b300000, 0x000000008b300000|100%| E|CS|TAMS 0x000000008b200000, 0x000000008b200000| Complete 
| 103|0x000000008b300000, 0x000000008b400000, 0x000000008b400000|100%| E|CS|TAMS 0x000000008b300000, 0x000000008b300000| Complete 
| 104|0x000000008b400000, 0x000000008b500000, 0x000000008b500000|100%| E|CS|TAMS 0x000000008b400000, 0x000000008b400000| Complete 
| 105|0x000000008b500000, 0x000000008b600000, 0x000000008b600000|100%| E|CS|TAMS 0x000000008b500000, 0x000000008b500000| Complete 
| 106|0x000000008b600000, 0x000000008b700000, 0x000000008b700000|100%| E|CS|TAMS 0x000000008b600000, 0x000000008b600000| Complete 
| 107|0x000000008b700000, 0x000000008b800000, 0x000000008b800000|100%| E|CS|TAMS 0x000000008b700000, 0x000000008b700000| Complete 
| 108|0x000000008b800000, 0x000000008b900000, 0x000000008b900000|100%| E|CS|TAMS 0x000000008b800000, 0x000000008b800000| Complete 
| 109|0x000000008b900000, 0x000000008ba00000, 0x000000008ba00000|100%| E|CS|TAMS 0x000000008b900000, 0x000000008b900000| Complete 
| 110|0x000000008ba00000, 0x000000008bb00000, 0x000000008bb00000|100%| E|CS|TAMS 0x000000008ba00000, 0x000000008ba00000| Complete 
| 111|0x000000008bb00000, 0x000000008bc00000, 0x000000008bc00000|100%| E|CS|TAMS 0x000000008bb00000, 0x000000008bb00000| Complete 
| 112|0x000000008bc00000, 0x000000008bd00000, 0x000000008bd00000|100%| E|CS|TAMS 0x000000008bc00000, 0x000000008bc00000| Complete 
| 113|0x000000008bd00000, 0x000000008be00000, 0x000000008be00000|100%| E|CS|TAMS 0x000000008bd00000, 0x000000008bd00000| Complete 
| 123|0x000000008c700000, 0x000000008c800000, 0x000000008c800000|100%| E|CS|TAMS 0x000000008c700000, 0x000000008c700000| Complete 

Card table byte_map: [0x000002a1af950000,0x000002a1afd30000] _byte_map_base: 0x000002a1af52a000

Marking Bits (Prev, Next): (CMBitMap*) 0x000002a19cba7570, (CMBitMap*) 0x000002a19cba7530
 Prev Bits: [0x000002a1b1fe0000, 0x000002a1b3eb0000)
 Next Bits: [0x000002a1b0110000, 0x000002a1b1fe0000)

Polling page: 0x000002a19c300000

Metaspace:

Usage:
  Non-class:     62.02 MB used.
      Class:      8.08 MB used.
       Both:     70.10 MB used.

Virtual space:
  Non-class space:       64.00 MB reserved,      62.19 MB ( 97%) committed,  1 nodes.
      Class space:        1.00 GB reserved,       8.19 MB ( <1%) committed,  1 nodes.
             Both:        1.06 GB reserved,      70.38 MB (  6%) committed. 

Chunk freelists:
   Non-Class:  1.70 MB
       Class:  7.81 MB
        Both:  9.52 MB

MaxMetaspaceSize: unlimited
CompressedClassSpaceSize: 1.00 GB
Initial GC threshold: 21.00 MB
Current GC threshold: 98.38 MB
CDS: off
MetaspaceReclaimPolicy: balanced
 - commit_granule_bytes: 65536.
 - commit_granule_words: 8192.
 - virtual_space_node_default_size: 8388608.
 - enlarge_chunks_in_place: 1.
 - new_chunks_are_fully_committed: 0.
 - uncommit_free_chunks: 1.
 - use_allocation_guard: 0.
 - handle_deallocations: 1.


Internal statistics:

num_allocs_failed_limit: 9.
num_arena_births: 230.
num_arena_deaths: 0.
num_vsnodes_births: 2.
num_vsnodes_deaths: 0.
num_space_committed: 1124.
num_space_uncommitted: 0.
num_chunks_returned_to_freelist: 9.
num_chunks_taken_from_freelist: 2360.
num_chunk_merges: 9.
num_chunk_splits: 2065.
num_chunks_enlarged: 1907.
num_inconsistent_stats: 0.

CodeHeap 'non-profiled nmethods': size=120000Kb used=2677Kb max_used=2677Kb free=117322Kb
 bounds [0x000002a1a7af0000, 0x000002a1a7d90000, 0x000002a1af020000]
CodeHeap 'profiled nmethods': size=120000Kb used=15160Kb max_used=15160Kb free=104839Kb
 bounds [0x000002a1a0020000, 0x000002a1a0f00000, 0x000002a1a7550000]
CodeHeap 'non-nmethods': size=5760Kb used=1379Kb max_used=1421Kb free=4380Kb
 bounds [0x000002a1a7550000, 0x000002a1a77c0000, 0x000002a1a7af0000]
 total_blobs=7417 nmethods=6708 adapters=619
 compilation: enabled
              stopped_count=0, restarted_count=0
 full_count=0

Compilation events (20 events):
Event: 6.428 Thread 0x000002a1bb04cc00 nmethod 6918 0x000002a1a7d89510 code [0x000002a1a7d896a0, 0x000002a1a7d89c38]
Event: 6.428 Thread 0x000002a1bb04cc00 6975       4       java.util.Arrays$ArrayList::iterator (12 bytes)
Event: 6.429 Thread 0x000002a1bb04cc00 nmethod 6975 0x000002a1a7d89d90 code [0x000002a1a7d89f20, 0x000002a1a7d89ff8]
Event: 6.429 Thread 0x000002a1bb04cc00 6968       4       org.jetbrains.kotlin.ir.util.SymbolTable$FlatSymbolTable::signature (20 bytes)
Event: 6.430 Thread 0x000002a1bb04cc00 nmethod 6968 0x000002a1a7d8a090 code [0x000002a1a7d8a220, 0x000002a1a7d8a2f8]
Event: 6.430 Thread 0x000002a1bb04cc00 7499   !   4       java.util.jar.JarFile$JarFileEntry::getCodeSigners (81 bytes)
Event: 6.431 Thread 0x000002a1bb04cc00 nmethod 7499 0x000002a1a7d8a410 code [0x000002a1a7d8a5a0, 0x000002a1a7d8a728]
Event: 6.431 Thread 0x000002a1bb04cc00 7500       4       java.security.SecureClassLoader::getProtectionDomain (38 bytes)
Event: 6.433 Thread 0x000002a1bb04cc00 nmethod 7500 0x000002a1a7d8a910 code [0x000002a1a7d8aac0, 0x000002a1a7d8acc8]
Event: 6.433 Thread 0x000002a1bb04cc00 7503       4       java.lang.ClassLoader::postDefineClass (39 bytes)
Event: 6.439 Thread 0x000002a1bb04d600 7504       3       java.lang.Module::canRead (86 bytes)
Event: 6.440 Thread 0x000002a1bb04d600 nmethod 7504 0x000002a1a0eeca90 code [0x000002a1a0eece40, 0x000002a1a0eeeb88]
Event: 6.440 Thread 0x000002a1bb04d600 7505       3       jdk.internal.org.objectweb.asm.SymbolTable::putBootstrapMethods (56 bytes)
Event: 6.440 Thread 0x000002a1bb04d600 nmethod 7505 0x000002a1a0eef210 code [0x000002a1a0eef400, 0x000002a1a0eef708]
Event: 6.443 Thread 0x000002a1bb04d600 7506       3       java.io.WinNTFileSystem::normalize (224 bytes)
Event: 6.445 Thread 0x000002a1bb04d600 nmethod 7506 0x000002a1a0eef910 code [0x000002a1a0eefd00, 0x000002a1a0ef1878]
Event: 6.451 Thread 0x000002a1bb04cc00 nmethod 7503 0x000002a1a7d8ae90 code [0x000002a1a7d8b0a0, 0x000002a1a7d8c0e0]
Event: 6.451 Thread 0x000002a1bb04cc00 7366       4       org.jetbrains.kotlin.backend.common.UtilsKt::pop (21 bytes)
Event: 6.454 Thread 0x000002a1bb04cc00 nmethod 7366 0x000002a1a7d8cc10 code [0x000002a1a7d8cdc0, 0x000002a1a7d8d088]
Event: 6.454 Thread 0x000002a1bb04cc00 7501       4       java.lang.ClassLoader::defineClass (43 bytes)

GC Heap History (20 events):
Event: 2.570 GC heap before
{Heap before GC invocations=6 (full 0):
 garbage-first heap   total 40960K, used 30897K [0x0000000084c00000, 0x0000000100000000)
  region size 1024K, 16 young (16384K), 3 survivors (3072K)
 Metaspace       used 34073K, committed 34304K, reserved 1114112K
  class space    used 4354K, committed 4480K, reserved 1048576K
}
Event: 2.576 GC heap after
{Heap after GC invocations=7 (full 0):
 garbage-first heap   total 67584K, used 17020K [0x0000000084c00000, 0x0000000100000000)
  region size 1024K, 2 young (2048K), 2 survivors (2048K)
 Metaspace       used 34073K, committed 34304K, reserved 1114112K
  class space    used 4354K, committed 4480K, reserved 1048576K
}
Event: 2.675 GC heap before
{Heap before GC invocations=7 (full 0):
 garbage-first heap   total 67584K, used 25212K [0x0000000084c00000, 0x0000000100000000)
  region size 1024K, 11 young (11264K), 2 survivors (2048K)
 Metaspace       used 35734K, committed 35968K, reserved 1114112K
  class space    used 4537K, committed 4672K, reserved 1048576K
}
Event: 2.679 GC heap after
{Heap after GC invocations=8 (full 0):
 garbage-first heap   total 67584K, used 17858K [0x0000000084c00000, 0x0000000100000000)
  region size 1024K, 3 young (3072K), 3 survivors (3072K)
 Metaspace       used 35734K, committed 35968K, reserved 1114112K
  class space    used 4537K, committed 4672K, reserved 1048576K
}
Event: 3.063 GC heap before
{Heap before GC invocations=9 (full 0):
 garbage-first heap   total 65536K, used 49602K [0x0000000084c00000, 0x0000000100000000)
  region size 1024K, 34 young (34816K), 3 survivors (3072K)
 Metaspace       used 42753K, committed 43008K, reserved 1114112K
  class space    used 5253K, committed 5376K, reserved 1048576K
}
Event: 3.070 GC heap after
{Heap after GC invocations=10 (full 0):
 garbage-first heap   total 65536K, used 20466K [0x0000000084c00000, 0x0000000100000000)
  region size 1024K, 5 young (5120K), 5 survivors (5120K)
 Metaspace       used 42753K, committed 43008K, reserved 1114112K
  class space    used 5253K, committed 5376K, reserved 1048576K
}
Event: 3.410 GC heap before
{Heap before GC invocations=10 (full 0):
 garbage-first heap   total 65536K, used 52210K [0x0000000084c00000, 0x0000000100000000)
  region size 1024K, 33 young (33792K), 5 survivors (5120K)
 Metaspace       used 46580K, committed 46848K, reserved 1114112K
  class space    used 5705K, committed 5824K, reserved 1048576K
}
Event: 3.421 GC heap after
{Heap after GC invocations=11 (full 0):
 garbage-first heap   total 65536K, used 27284K [0x0000000084c00000, 0x0000000100000000)
  region size 1024K, 5 young (5120K), 5 survivors (5120K)
 Metaspace       used 46580K, committed 46848K, reserved 1114112K
  class space    used 5705K, committed 5824K, reserved 1048576K
}
Event: 3.513 GC heap before
{Heap before GC invocations=11 (full 0):
 garbage-first heap   total 65536K, used 48788K [0x0000000084c00000, 0x0000000100000000)
  region size 1024K, 26 young (26624K), 5 survivors (5120K)
 Metaspace       used 47126K, committed 47360K, reserved 1114112K
  class space    used 5766K, committed 5888K, reserved 1048576K
}
Event: 3.519 GC heap after
{Heap after GC invocations=12 (full 0):
 garbage-first heap   total 88064K, used 28519K [0x0000000084c00000, 0x0000000100000000)
  region size 1024K, 2 young (2048K), 2 survivors (2048K)
 Metaspace       used 47126K, committed 47360K, reserved 1114112K
  class space    used 5766K, committed 5888K, reserved 1048576K
}
Event: 4.253 GC heap before
{Heap before GC invocations=12 (full 0):
 garbage-first heap   total 88064K, used 67431K [0x0000000084c00000, 0x0000000100000000)
  region size 1024K, 40 young (40960K), 2 survivors (2048K)
 Metaspace       used 50012K, committed 50176K, reserved 1114112K
  class space    used 5987K, committed 6080K, reserved 1048576K
}
Event: 4.270 GC heap after
{Heap after GC invocations=13 (full 0):
 garbage-first heap   total 88064K, used 34802K [0x0000000084c00000, 0x0000000100000000)
  region size 1024K, 5 young (5120K), 5 survivors (5120K)
 Metaspace       used 50012K, committed 50176K, reserved 1114112K
  class space    used 5987K, committed 6080K, reserved 1048576K
}
Event: 4.593 GC heap before
{Heap before GC invocations=13 (full 0):
 garbage-first heap   total 88064K, used 66546K [0x0000000084c00000, 0x0000000100000000)
  region size 1024K, 36 young (36864K), 5 survivors (5120K)
 Metaspace       used 53085K, committed 53312K, reserved 1114112K
  class space    used 6340K, committed 6400K, reserved 1048576K
}
Event: 4.604 GC heap after
{Heap after GC invocations=14 (full 0):
 garbage-first heap   total 88064K, used 39036K [0x0000000084c00000, 0x0000000100000000)
  region size 1024K, 4 young (4096K), 4 survivors (4096K)
 Metaspace       used 53085K, committed 53312K, reserved 1114112K
  class space    used 6340K, committed 6400K, reserved 1048576K
}
Event: 5.104 GC heap before
{Heap before GC invocations=14 (full 0):
 garbage-first heap   total 88064K, used 67708K [0x0000000084c00000, 0x0000000100000000)
  region size 1024K, 32 young (32768K), 4 survivors (4096K)
 Metaspace       used 56280K, committed 56512K, reserved 1114112K
  class space    used 6670K, committed 6784K, reserved 1048576K
}
Event: 5.113 GC heap after
{Heap after GC invocations=15 (full 0):
 garbage-first heap   total 88064K, used 41855K [0x0000000084c00000, 0x0000000100000000)
  region size 1024K, 3 young (3072K), 3 survivors (3072K)
 Metaspace       used 56280K, committed 56512K, reserved 1114112K
  class space    used 6670K, committed 6784K, reserved 1048576K
}
Event: 5.355 GC heap before
{Heap before GC invocations=15 (full 0):
 garbage-first heap   total 88064K, used 62335K [0x0000000084c00000, 0x0000000100000000)
  region size 1024K, 24 young (24576K), 3 survivors (3072K)
 Metaspace       used 60004K, committed 60288K, reserved 1114112K
  class space    used 7050K, committed 7232K, reserved 1048576K
}
Event: 5.364 GC heap after
{Heap after GC invocations=16 (full 0):
 garbage-first heap   total 117760K, used 44912K [0x0000000084c00000, 0x0000000100000000)
  region size 1024K, 3 young (3072K), 3 survivors (3072K)
 Metaspace       used 60004K, committed 60288K, reserved 1114112K
  class space    used 7050K, committed 7232K, reserved 1048576K
}
Event: 5.985 GC heap before
{Heap before GC invocations=17 (full 0):
 garbage-first heap   total 117760K, used 88944K [0x0000000084c00000, 0x0000000100000000)
  region size 1024K, 46 young (47104K), 3 survivors (3072K)
 Metaspace       used 67031K, committed 67328K, reserved 1114112K
  class space    used 7799K, committed 7936K, reserved 1048576K
}
Event: 5.999 GC heap after
{Heap after GC invocations=18 (full 0):
 garbage-first heap   total 117760K, used 49433K [0x0000000084c00000, 0x0000000100000000)
  region size 1024K, 6 young (6144K), 6 survivors (6144K)
 Metaspace       used 67031K, committed 67328K, reserved 1114112K
  class space    used 7799K, committed 7936K, reserved 1048576K
}

Dll operation events (2 events):
Event: 0.096 Loaded shared library C:\Users\angel\OneDrive\Escritorio\Apps\h\jbr\bin\java.dll
Event: 1.988 Loaded shared library C:\Users\angel\OneDrive\Escritorio\Apps\h\jbr\bin\verify.dll

Deoptimization events (20 events):
Event: 6.374 Thread 0x000002a19cb4bd40 Uncommon trap: trap_request=0xffffffde fr.pc=0x000002a1a7d610b0 relative=0x0000000000000710
Event: 6.374 Thread 0x000002a19cb4bd40 Uncommon trap: reason=class_check action=maybe_recompile pc=0x000002a1a7d610b0 method=org.jetbrains.kotlin.ir.declarations.IrFunction.acceptChildren(Lorg/jetbrains/kotlin/ir/visitors/IrElementVisitor;Ljava/lang/Object;)V @ 174 c2
Event: 6.374 Thread 0x000002a19cb4bd40 DEOPT PACKING pc=0x000002a1a7d610b0 sp=0x000000c97d8fb4a0
Event: 6.374 Thread 0x000002a19cb4bd40 DEOPT UNPACKING pc=0x000002a1a75a69a3 sp=0x000000c97d8fb418 mode 2
Event: 6.374 Thread 0x000002a19cb4bd40 Uncommon trap: trap_request=0xffffffde fr.pc=0x000002a1a7d610b0 relative=0x0000000000000710
Event: 6.374 Thread 0x000002a19cb4bd40 Uncommon trap: reason=class_check action=maybe_recompile pc=0x000002a1a7d610b0 method=org.jetbrains.kotlin.ir.declarations.IrFunction.acceptChildren(Lorg/jetbrains/kotlin/ir/visitors/IrElementVisitor;Ljava/lang/Object;)V @ 174 c2
Event: 6.374 Thread 0x000002a19cb4bd40 DEOPT PACKING pc=0x000002a1a7d610b0 sp=0x000000c97d8fbf70
Event: 6.375 Thread 0x000002a19cb4bd40 DEOPT UNPACKING pc=0x000002a1a75a69a3 sp=0x000000c97d8fbee8 mode 2
Event: 6.379 Thread 0x000002a19cb4bd40 Uncommon trap: trap_request=0xffffffde fr.pc=0x000002a1a7d8120c relative=0x00000000000006ec
Event: 6.379 Thread 0x000002a19cb4bd40 Uncommon trap: reason=class_check action=maybe_recompile pc=0x000002a1a7d8120c method=org.jetbrains.kotlin.ir.declarations.IrFunction.acceptChildren(Lorg/jetbrains/kotlin/ir/visitors/IrElementVisitor;Ljava/lang/Object;)V @ 174 c2
Event: 6.379 Thread 0x000002a19cb4bd40 DEOPT PACKING pc=0x000002a1a7d8120c sp=0x000000c97d8fc520
Event: 6.379 Thread 0x000002a19cb4bd40 DEOPT UNPACKING pc=0x000002a1a75a69a3 sp=0x000000c97d8fc128 mode 2
Event: 6.446 Thread 0x000002a19cb4bd40 Uncommon trap: trap_request=0xffffffde fr.pc=0x000002a1a7d69468 relative=0x0000000000000228
Event: 6.446 Thread 0x000002a19cb4bd40 Uncommon trap: reason=class_check action=maybe_recompile pc=0x000002a1a7d69468 method=org.jetbrains.kotlin.utils.ThreadLocalDelegate.getValue(Ljava/lang/Object;Lkotlin/reflect/KProperty;)Ljava/lang/Object; @ 42 c2
Event: 6.446 Thread 0x000002a19cb4bd40 DEOPT PACKING pc=0x000002a1a7d69468 sp=0x000000c97d8fe0a0
Event: 6.446 Thread 0x000002a19cb4bd40 DEOPT UNPACKING pc=0x000002a1a75a69a3 sp=0x000000c97d8fe030 mode 2
Event: 6.446 Thread 0x000002a19cb4bd40 Uncommon trap: trap_request=0xffffffde fr.pc=0x000002a1a7d69468 relative=0x0000000000000228
Event: 6.446 Thread 0x000002a19cb4bd40 Uncommon trap: reason=class_check action=maybe_recompile pc=0x000002a1a7d69468 method=org.jetbrains.kotlin.utils.ThreadLocalDelegate.getValue(Ljava/lang/Object;Lkotlin/reflect/KProperty;)Ljava/lang/Object; @ 42 c2
Event: 6.446 Thread 0x000002a19cb4bd40 DEOPT PACKING pc=0x000002a1a7d69468 sp=0x000000c97d8fe0a0
Event: 6.446 Thread 0x000002a19cb4bd40 DEOPT UNPACKING pc=0x000002a1a75a69a3 sp=0x000000c97d8fe030 mode 2

Classes unloaded (0 events):
No events

Classes redefined (0 events):
No events

Internal exceptions (20 events):
Event: 2.529 Thread 0x000002a19cb4bd40 Exception <a 'java/lang/NoSuchMethodError'{0x000000008692e5b8}: 'java.lang.Object java.lang.invoke.DirectMethodHandle$Holder.invokeVirtual(java.lang.Object, java.lang.Object, java.lang.Object)'> (0x000000008692e5b8) 
thrown [s\src\hotspot\share\interpreter\linkResolver.cpp, line 771]
Event: 3.079 Thread 0x000002a19cb4bd40 Exception <a 'java/lang/NoSuchMethodError'{0x000000008c789508}: 'java.lang.Object java.lang.invoke.DirectMethodHandle$Holder.newInvokeSpecial(java.lang.Object, java.lang.Object, java.lang.Object, int)'> (0x000000008c789508) 
thrown [s\src\hotspot\share\interpreter\linkResolver.cpp, line 771]
Event: 3.079 Thread 0x000002a19cb4bd40 Exception <a 'java/lang/NoSuchMethodError'{0x000000008c78dee8}: 'java.lang.Object java.lang.invoke.DirectMethodHandle$Holder.invokeSpecial(java.lang.Object, java.lang.Object, java.lang.Object, java.lang.Object, int)'> (0x000000008c78dee8) 
thrown [s\src\hotspot\share\interpreter\linkResolver.cpp, line 771]
Event: 3.079 Thread 0x000002a19cb4bd40 Exception <a 'java/lang/NoSuchMethodError'{0x000000008c791d58}: 'java.lang.Object java.lang.invoke.Invokers$Holder.linkToTargetMethod(java.lang.Object, java.lang.Object, int, java.lang.Object)'> (0x000000008c791d58) 
thrown [s\src\hotspot\share\interpreter\linkResolver.cpp, line 771]
Event: 3.189 Thread 0x000002a19cb4bd40 Exception <a 'java/lang/NoSuchMethodError'{0x000000008838c1b8}: 'java.lang.Object java.lang.invoke.DirectMethodHandle$Holder.newInvokeSpecial(java.lang.Object, java.lang.Object, int)'> (0x000000008838c1b8) 
thrown [s\src\hotspot\share\interpreter\linkResolver.cpp, line 771]
Event: 3.592 Thread 0x000002a19cb4bd40 Exception <a 'java/lang/NoSuchMethodError'{0x0000000089dc5f50}: 'java.lang.Object java.lang.invoke.DirectMethodHandle$Holder.newInvokeSpecial(java.lang.Object, int, java.lang.Object)'> (0x0000000089dc5f50) 
thrown [s\src\hotspot\share\interpreter\linkResolver.cpp, line 771]
Event: 3.593 Thread 0x000002a19cb4bd40 Exception <a 'java/lang/NoSuchMethodError'{0x0000000089dcc5b0}: 'int java.lang.invoke.DirectMethodHandle$Holder.invokeInterface(java.lang.Object, java.lang.Object)'> (0x0000000089dcc5b0) 
thrown [s\src\hotspot\share\interpreter\linkResolver.cpp, line 771]
Event: 3.615 Thread 0x000002a19cb4bd40 Exception <a 'java/lang/NoSuchMethodError'{0x0000000089c7a710}: 'java.lang.Object java.lang.invoke.DirectMethodHandle$Holder.invokeStaticInit(java.lang.Object, java.lang.Object, java.lang.Object)'> (0x0000000089c7a710) 
thrown [s\src\hotspot\share\interpreter\linkResolver.cpp, line 771]
Event: 4.180 Thread 0x000002a19cb4bd40 Implicit null exception at 0x000002a1a7b38f6c to 0x000002a1a7b39148
Event: 4.180 Thread 0x000002a19cb4bd40 Implicit null exception at 0x000002a1a7b56a8f to 0x000002a1a7b56b05
Event: 4.501 Thread 0x000002a19cb4bd40 Implicit null exception at 0x000002a1a7bd3c89 to 0x000002a1a7bd3d70
Event: 4.501 Thread 0x000002a19cb4bd40 Implicit null exception at 0x000002a1a7b52158 to 0x000002a1a7b521ea
Event: 4.519 Thread 0x000002a19cb4bd40 Exception <a 'java/lang/NoSuchMethodError'{0x000000008882abc0}: 'java.lang.Object java.lang.invoke.DirectMethodHandle$Holder.newInvokeSpecial(java.lang.Object, java.lang.Object, java.lang.Object, java.lang.Object, java.lang.Object, java.lang.Object)'> (0x000000008882abc0) 
thrown [s\src\hotspot\share\interpreter\linkResolver.cpp, line 771]
Event: 4.907 Thread 0x000002a19cb4bd40 Exception <a 'java/lang/NoSuchMethodError'{0x0000000088d33f10}: 'int java.lang.invoke.DirectMethodHandle$Holder.invokeStaticInit(java.lang.Object, int)'> (0x0000000088d33f10) 
thrown [s\src\hotspot\share\interpreter\linkResolver.cpp, line 771]
Event: 5.039 Thread 0x000002a19cb4bd40 Implicit null exception at 0x000002a1a7b826ec to 0x000002a1a7b828c8
Event: 5.142 Thread 0x000002a19cb4bd40 Exception <a 'java/lang/NoSuchMethodError'{0x000000008a3c1be0}: 'java.lang.Object java.lang.invoke.DirectMethodHandle$Holder.invokeStaticInit(java.lang.Object, java.lang.Object, java.lang.Object, java.lang.Object)'> (0x000000008a3c1be0) 
thrown [s\src\hotspot\share\interpreter\linkResolver.cpp, line 771]
Event: 5.353 Thread 0x000002a19cb4bd40 Exception <a 'java/lang/NoSuchMethodError'{0x0000000088d330a8}: 'java.lang.Object java.lang.invoke.DirectMethodHandle$Holder.newInvokeSpecial(java.lang.Object, java.lang.Object, java.lang.Object, int, int)'> (0x0000000088d330a8) 
thrown [s\src\hotspot\share\interpreter\linkResolver.cpp, line 771]
Event: 5.354 Thread 0x000002a19cb4bd40 Exception <a 'java/lang/NoSuchMethodError'{0x0000000088d36ee8}: 'java.lang.Object java.lang.invoke.DirectMethodHandle$Holder.invokeSpecial(java.lang.Object, java.lang.Object, java.lang.Object, java.lang.Object, int, int)'> (0x0000000088d36ee8) 
thrown [s\src\hotspot\share\interpreter\linkResolver.cpp, line 771]
Event: 5.554 Thread 0x000002a19cb4bd40 Exception <a 'java/lang/NoSuchMethodError'{0x000000008b48cb30}: 'java.lang.Object java.lang.invoke.Invokers$Holder.linkToTargetMethod(java.lang.Object, java.lang.Object, int, int, java.lang.Object, java.lang.Object, java.lang.Object, java.lang.Object, java.lang.Object)'> (0x000000008b48cb30) 
thrown [s\src\hotspot\share\interpreter\linkResolver.cpp, line 771]
Event: 5.857 Thread 0x000002a19cb4bd40 Implicit null exception at 0x000002a1a7b570f0 to 0x000002a1a7b57308

VM Operations (20 events):
Event: 6.295 Executing VM operation: HandshakeAllThreads
Event: 6.295 Executing VM operation: HandshakeAllThreads done
Event: 6.335 Executing VM operation: ICBufferFull
Event: 6.335 Executing VM operation: ICBufferFull done
Event: 6.377 Executing VM operation: HandshakeAllThreads
Event: 6.377 Executing VM operation: HandshakeAllThreads done
Event: 6.381 Executing VM operation: ICBufferFull
Event: 6.382 Executing VM operation: ICBufferFull done
Event: 6.406 Executing VM operation: HandshakeAllThreads
Event: 6.406 Executing VM operation: HandshakeAllThreads done
Event: 6.416 Executing VM operation: HandshakeAllThreads
Event: 6.416 Executing VM operation: HandshakeAllThreads done
Event: 6.420 Executing VM operation: HandshakeAllThreads
Event: 6.420 Executing VM operation: HandshakeAllThreads done
Event: 6.421 Executing VM operation: HandshakeAllThreads
Event: 6.421 Executing VM operation: HandshakeAllThreads done
Event: 6.434 Executing VM operation: HandshakeAllThreads
Event: 6.434 Executing VM operation: HandshakeAllThreads done
Event: 6.484 Executing VM operation: HandshakeAllThreads
Event: 6.484 Executing VM operation: HandshakeAllThreads done

Events (20 events):
Event: 5.482 Thread 0x000002a1bb0507b0 flushing nmethod 0x000002a1a0bf2d90
Event: 5.482 Thread 0x000002a1bb0507b0 flushing nmethod 0x000002a1a0bf6790
Event: 5.482 Thread 0x000002a1bb0507b0 flushing nmethod 0x000002a1a0bf7b90
Event: 5.482 Thread 0x000002a1bb0507b0 flushing nmethod 0x000002a1a0bfc710
Event: 5.482 Thread 0x000002a1bb0507b0 flushing nmethod 0x000002a1a0c02190
Event: 5.482 Thread 0x000002a1bb0507b0 flushing nmethod 0x000002a1a0c04210
Event: 5.482 Thread 0x000002a1bb0507b0 flushing nmethod 0x000002a1a0c07690
Event: 5.482 Thread 0x000002a1bb0507b0 flushing nmethod 0x000002a1a0c08710
Event: 5.482 Thread 0x000002a1bb0507b0 flushing nmethod 0x000002a1a0c09410
Event: 5.482 Thread 0x000002a1bb0507b0 flushing nmethod 0x000002a1a0c0c010
Event: 5.482 Thread 0x000002a1bb0507b0 flushing nmethod 0x000002a1a0c4c990
Event: 5.482 Thread 0x000002a1bb0507b0 flushing nmethod 0x000002a1a0c64310
Event: 5.482 Thread 0x000002a1bb0507b0 flushing nmethod 0x000002a1a0c7fc10
Event: 5.483 Thread 0x000002a1bb0507b0 flushing nmethod 0x000002a1a0cb3a10
Event: 5.483 Thread 0x000002a1bb0507b0 flushing nmethod 0x000002a1a0cf6190
Event: 5.483 Thread 0x000002a1bb0507b0 flushing nmethod 0x000002a1a0d35890
Event: 5.483 Thread 0x000002a1bb0507b0 flushing nmethod 0x000002a1a0d3b590
Event: 5.483 Thread 0x000002a1bb0507b0 flushing nmethod 0x000002a1a0d48690
Event: 6.428 loading class java/security/CodeSigner
Event: 6.428 loading class java/security/CodeSigner done


Dynamic libraries:
0x00007ff64c300000 - 0x00007ff64c30a000 	C:\Users\angel\OneDrive\Escritorio\Apps\h\jbr\bin\java.exe
0x00007ffe52130000 - 0x00007ffe52347000 	C:\windows\SYSTEM32\ntdll.dll
0x00007ffe51b20000 - 0x00007ffe51be4000 	C:\windows\System32\KERNEL32.DLL
0x00007ffe4fa40000 - 0x00007ffe4fdec000 	C:\windows\System32\KERNELBASE.dll
0x00007ffe4f5f0000 - 0x00007ffe4f701000 	C:\windows\System32\ucrtbase.dll
0x00007ffe46ae0000 - 0x00007ffe46af7000 	C:\Users\angel\OneDrive\Escritorio\Apps\h\jbr\bin\jli.dll
0x00007ffe51830000 - 0x00007ffe519de000 	C:\windows\System32\USER32.dll
0x00007ffe4f520000 - 0x00007ffe4f546000 	C:\windows\System32\win32u.dll
0x00007ffe51f60000 - 0x00007ffe51f89000 	C:\windows\System32\GDI32.dll
0x00007ffe4f880000 - 0x00007ffe4f999000 	C:\windows\System32\gdi32full.dll
0x00007ffe4f550000 - 0x00007ffe4f5ea000 	C:\windows\System32\msvcp_win.dll
0x00007ffe301b0000 - 0x00007ffe30443000 	C:\windows\WinSxS\amd64_microsoft.windows.common-controls_6595b64144ccf1df_6.0.22621.3672_none_2713b9d173822955\COMCTL32.dll
0x00007ffe51100000 - 0x00007ffe511a7000 	C:\windows\System32\msvcrt.dll
0x00007ffe48c40000 - 0x00007ffe48c5b000 	C:\Users\angel\OneDrive\Escritorio\Apps\h\jbr\bin\VCRUNTIME140.dll
0x00007ffe4fec0000 - 0x00007ffe4fef1000 	C:\windows\System32\IMM32.DLL
0x00007ffe49480000 - 0x00007ffe4948c000 	C:\Users\angel\OneDrive\Escritorio\Apps\h\jbr\bin\vcruntime140_1.dll
0x00007ffe24840000 - 0x00007ffe248cd000 	C:\Users\angel\OneDrive\Escritorio\Apps\h\jbr\bin\msvcp140.dll
0x00007ffda5cf0000 - 0x00007ffda6973000 	C:\Users\angel\OneDrive\Escritorio\Apps\h\jbr\bin\server\jvm.dll
0x00007ffe51c10000 - 0x00007ffe51cc2000 	C:\windows\System32\ADVAPI32.dll
0x00007ffe51a70000 - 0x00007ffe51b1a000 	C:\windows\System32\sechost.dll
0x00007ffe4fa10000 - 0x00007ffe4fa38000 	C:\windows\System32\bcrypt.dll
0x00007ffe511b0000 - 0x00007ffe512c5000 	C:\windows\System32\RPCRT4.dll
0x00007ffe4e640000 - 0x00007ffe4e68d000 	C:\windows\SYSTEM32\POWRPROF.dll
0x00007ffe3d4f0000 - 0x00007ffe3d4fa000 	C:\windows\SYSTEM32\VERSION.dll
0x00007ffe48b30000 - 0x00007ffe48b64000 	C:\windows\SYSTEM32\WINMM.dll
0x00007ffe23600000 - 0x00007ffe23609000 	C:\windows\SYSTEM32\WSOCK32.dll
0x00007ffe51d30000 - 0x00007ffe51da1000 	C:\windows\System32\WS2_32.dll
0x00007ffe4e620000 - 0x00007ffe4e633000 	C:\windows\SYSTEM32\UMPDC.dll
0x00007ffe4e460000 - 0x00007ffe4e478000 	C:\windows\SYSTEM32\kernel.appcore.dll
0x00007ffe49b20000 - 0x00007ffe49b2a000 	C:\Users\angel\OneDrive\Escritorio\Apps\h\jbr\bin\jimage.dll
0x00007ffe4c2d0000 - 0x00007ffe4c502000 	C:\windows\SYSTEM32\DBGHELP.DLL
0x00007ffe50d70000 - 0x00007ffe510f8000 	C:\windows\System32\combase.dll
0x00007ffe51750000 - 0x00007ffe51827000 	C:\windows\System32\OLEAUT32.dll
0x00007ffe22bc0000 - 0x00007ffe22bf2000 	C:\windows\SYSTEM32\dbgcore.DLL
0x00007ffe4fdf0000 - 0x00007ffe4fe6b000 	C:\windows\System32\bcryptPrimitives.dll
0x00007ffe48d30000 - 0x00007ffe48d55000 	C:\Users\angel\OneDrive\Escritorio\Apps\h\jbr\bin\java.dll
0x00007ffe49510000 - 0x00007ffe49528000 	C:\Users\angel\OneDrive\Escritorio\Apps\h\jbr\bin\zip.dll
0x00007ffe50140000 - 0x00007ffe5099c000 	C:\windows\System32\SHELL32.dll
0x00007ffe4d360000 - 0x00007ffe4dc57000 	C:\windows\SYSTEM32\windows.storage.dll
0x00007ffe4d220000 - 0x00007ffe4d35f000 	C:\windows\SYSTEM32\wintypes.dll
0x00007ffe509a0000 - 0x00007ffe50a94000 	C:\windows\System32\SHCORE.dll
0x00007ffe50ce0000 - 0x00007ffe50d3e000 	C:\windows\System32\shlwapi.dll
0x00007ffe4f390000 - 0x00007ffe4f3b1000 	C:\windows\SYSTEM32\profapi.dll
0x00007ffe493e0000 - 0x00007ffe493f9000 	C:\Users\angel\OneDrive\Escritorio\Apps\h\jbr\bin\net.dll
0x00007ffe4b910000 - 0x00007ffe4ba46000 	C:\windows\SYSTEM32\WINHTTP.dll
0x00007ffe4e9a0000 - 0x00007ffe4ea09000 	C:\windows\system32\mswsock.dll
0x00007ffe48c60000 - 0x00007ffe48c76000 	C:\Users\angel\OneDrive\Escritorio\Apps\h\jbr\bin\nio.dll
0x00007ffe488d0000 - 0x00007ffe488e0000 	C:\Users\angel\OneDrive\Escritorio\Apps\h\jbr\bin\verify.dll

dbghelp: loaded successfully - version: 4.0.5 - missing functions: none
symbol engine: initialized successfully - sym options: 0x614 - pdb path: .;C:\Users\angel\OneDrive\Escritorio\Apps\h\jbr\bin;C:\windows\SYSTEM32;C:\windows\WinSxS\amd64_microsoft.windows.common-controls_6595b64144ccf1df_6.0.22621.3672_none_2713b9d173822955;C:\Users\angel\OneDrive\Escritorio\Apps\h\jbr\bin\server

VM Arguments:
java_command: org.jetbrains.kotlin.cli.jvm.K2JVMCompiler @C:\Users\angel\AndroidStudioProjects\HelpDesk2\app\build\20240619_18165048251242360786.compiler.options
java_class_path (initial): C:\Users\angel\.gradle\caches\modules-2\files-2.1\org.jetbrains.kotlin\kotlin-compiler-embeddable\1.9.0\2c8c3a7402becca891f12739b3e9fd2dc2adbd7a\kotlin-compiler-embeddable-1.9.0.jar;C:\Users\angel\.gradle\caches\modules-2\files-2.1\org.jetbrains.kotlin\kotlin-stdlib\1.9.0\8ee15ef0c67dc83d874f412d84378d7f0eb50b63\kotlin-stdlib-1.9.0.jar;C:\Users\angel\.gradle\caches\modules-2\files-2.1\org.jetbrains.kotlin\kotlin-script-runtime\1.9.0\4b3102cbbb7e1b58d9d1adf89563f00069ffa7d1\kotlin-script-runtime-1.9.0.jar;C:\Users\angel\.gradle\caches\modules-2\files-2.1\org.jetbrains.kotlin\kotlin-reflect\1.6.10\1cbe9c92c12a94eea200d23c2bbaedaf3daf5132\kotlin-reflect-1.6.10.jar;C:\Users\angel\.gradle\caches\modules-2\files-2.1\org.jetbrains.kotlin\kotlin-daemon-embeddable\1.9.0\186543f5e28cf8d9a0290fecc2cf34301c40a65c\kotlin-daemon-embeddable-1.9.0.jar;C:\Users\angel\.gradle\caches\modules-2\files-2.1\org.jetbrains.intellij.deps\trove4j\1.0.20200330\3afb14d5f9ceb459d724e907a21145e8ff394f02\trove4j-1.0.20200330.jar;C:\Users\angel\.gradle\caches\modules-2\files-2.1\org.jetbrains.kotlin\kotlin-stdlib-common\1.9.0\cd65c21cfd1eec4d44ef09f9f52b6d9f8a720636\kotlin-stdlib-common-1.9.0.jar;C:\Users\angel\.gradle\caches\modules-2\files-2.1\org.jetbrains\annotations\13.0\919f0dfe192fb4e063e7dacadee7f8bb9a2672a9\annotations-13.0.jar
Launcher Type: SUN_STANDARD

[Global flags]
     intx CICompilerCount                          = 4                                         {product} {ergonomic}
     uint ConcGCThreads                            = 3                                         {product} {ergonomic}
     uint G1ConcRefinementThreads                  = 10                                        {product} {ergonomic}
   size_t G1HeapRegionSize                         = 1048576                                   {product} {ergonomic}
    uintx GCDrainStackTargetSize                   = 64                                        {product} {ergonomic}
   size_t InitialHeapSize                          = 130023424                                 {product} {ergonomic}
   size_t MarkStackSize                            = 4194304                                   {product} {ergonomic}
   size_t MaxHeapSize                              = 2067791872                                {product} {ergonomic}
   size_t MaxNewSize                               = 1240465408                                {product} {ergonomic}
   size_t MinHeapDeltaBytes                        = 1048576                                   {product} {ergonomic}
   size_t MinHeapSize                              = 8388608                                   {product} {ergonomic}
    uintx NonNMethodCodeHeapSize                   = 5839372                                {pd product} {ergonomic}
    uintx NonProfiledCodeHeapSize                  = 122909434                              {pd product} {ergonomic}
    uintx ProfiledCodeHeapSize                     = 122909434                              {pd product} {ergonomic}
    uintx ReservedCodeCacheSize                    = 251658240                              {pd product} {ergonomic}
     bool SegmentedCodeCache                       = true                                      {product} {ergonomic}
   size_t SoftMaxHeapSize                          = 2067791872                             {manageable} {ergonomic}
     bool UseCompressedClassPointers               = true                           {product lp64_product} {ergonomic}
     bool UseCompressedOops                        = true                           {product lp64_product} {ergonomic}
     bool UseG1GC                                  = true                                      {product} {ergonomic}
     bool UseLargePagesIndividualAllocation        = false                                  {pd product} {ergonomic}

Logging:
Log output configuration:
 #0: stdout all=warning uptime,level,tags
 #1: stderr all=off uptime,level,tags

Environment Variables:
PATH=C:\oracle\dbhomeXE\bin;C:\app\angel\product\21c\dbhomeXE\bin;C:\windows\system32;C:\windows;C:\windows\System32\Wbem;C:\windows\System32\WindowsPowerShell\v1.0\;C:\windows\System32\OpenSSH\;C:\Program Files\dotnet\;C:\Program Files (x86)\Microsoft SQL Server\160\Tools\Binn\;C:\Program Files\Microsoft SQL Server\160\Tools\Binn\;C:\Program Files\Microsoft SQL Server\Client SDK\ODBC\170\Tools\Binn\;C:\Program Files\Microsoft SQL Server\160\DTS\Binn\;C:\Program Files (x86)\Microsoft SQL Server\160\DTS\Binn\;C:\Program Files\Azure Data Studio\bin;C:\Program Files\HP\HP One Agent;C:\Program Files\Git\cmd;C:\Users\angel\AppData\Local\Microsoft\WindowsApps;;C:\Users\angel\AppData\Local\Programs\Microsoft VS Code\bin;C:\Users\angel\.dotnet\tools;C:\Program Files\Azure Data Studio\bin
USERNAME=angel
OS=Windows_NT
PROCESSOR_IDENTIFIER=Intel64 Family 6 Model 154 Stepping 4, GenuineIntel
TMP=C:\Users\angel\AppData\Local\Temp
TEMP=C:\Users\angel\AppData\Local\Temp



Periodic native trim disabled

JNI global refs:
JNI global refs: 8, weak refs: 0

JNI global refs memory usage: 843, weak refs: 209

OOME stack traces (most recent first):
Classloader memory used:
Loader jdk.internal.loader.ClassLoaders$AppClassLoader                                 : 7641K
Loader bootstrap                                                                       : 1326K
Loader jdk.internal.reflect.DelegatingClassLoader                                      : 7768B


---------------  S Y S T E M  ---------------

OS:
 Windows 11 , 64 bit Build 22621 (10.0.22621.3672)
OS uptime: 3 days 16:45 hours
Hyper-V role detected

CPU: total 12 (initial active 12) (6 cores per cpu, 2 threads per core) family 6 model 154 stepping 4 microcode 0x432, cx8, cmov, fxsr, ht, mmx, 3dnowpref, sse, sse2, sse3, ssse3, sse4.1, sse4.2, popcnt, lzcnt, tsc, tscinvbit, avx, avx2, aes, erms, clmul, bmi1, bmi2, adx, sha, fma, vzeroupper, clflush, clflushopt, clwb, hv
Processor Information for processor 0
  Max Mhz: 1100, Current Mhz: 1100, Mhz Limit: 1100
Processor Information for processor 1
  Max Mhz: 1100, Current Mhz: 1100, Mhz Limit: 1100
Processor Information for processor 2
  Max Mhz: 1100, Current Mhz: 1100, Mhz Limit: 1100
Processor Information for processor 3
  Max Mhz: 1100, Current Mhz: 1100, Mhz Limit: 1100
Processor Information for processor 4
  Max Mhz: 1100, Current Mhz: 800, Mhz Limit: 792
Processor Information for processor 5
  Max Mhz: 1100, Current Mhz: 800, Mhz Limit: 792
Processor Information for processor 6
  Max Mhz: 1100, Current Mhz: 800, Mhz Limit: 792
Processor Information for processor 7
  Max Mhz: 1100, Current Mhz: 800, Mhz Limit: 792
Processor Information for processor 8
  Max Mhz: 1100, Current Mhz: 800, Mhz Limit: 792
Processor Information for processor 9
  Max Mhz: 1100, Current Mhz: 800, Mhz Limit: 792
Processor Information for processor 10
  Max Mhz: 1100, Current Mhz: 800, Mhz Limit: 792
Processor Information for processor 11
  Max Mhz: 1100, Current Mhz: 800, Mhz Limit: 792

Memory: 4k page, system-wide physical 7885M (273M free)
TotalPageFile size 17885M (AvailPageFile size 4M)
current process WorkingSet (physical memory assigned to process): 286M, peak: 286M
current process commit charge ("private bytes"): 326M, peak: 328M

vm_info: OpenJDK 64-Bit Server VM (17.0.9+0--11185874) for windows-amd64 JRE (17.0.9+0--11185874), built on Dec  6 2023 18:57:44 by "androidbuild" with MS VC++ 16.10 / 16.11 (VS2019)

END.
